C51 COMPILER V9.54   MAIN                                                                  03/05/2022 17:01:24 PAGE 1   


C51 COMPILER V9.54, COMPILATION OF MODULE MAIN
OBJECT MODULE PLACED IN .\Objects\main.obj
COMPILER INVOKED BY: D:\51\C51\BIN\C51.EXE main.c OPTIMIZE(8,SPEED) BROWSE DEBUG OBJECTEXTEND PRINT(.\Listings\main.lst)
                    - TABS(2) OBJECT(.\Objects\main.obj)

line level    source

   1          #include <REGX52.H>
   2          #include <INTRINS.H>
   3          void Delay1ms(int s)    //@12.000MHz
   4          {
   5   1        int i = 0;
   6   1        for(i = 0;i < s;i++)
   7   1        {
   8   2            unsigned char i, j;
   9   2      
  10   2          i = 2;
  11   2          j = 239;
  12   2          do
  13   2          {
  14   3            while (--j);
  15   3          } while (--i);
  16   2        }
  17   1      
  18   1        
  19   1        
  20   1      }
  21          
  22          
  23          void main()
  24          {
  25   1      
  26   1        while(1)
  27   1        {
  28   2          P2 = 0xFE;//1111 1110
  29   2          Delay1ms(100);
  30   2          P2 = 0xFD;//1111 1101
  31   2          Delay1ms(200);
  32   2          P2 = 0xFB;//1111 1011
  33   2          Delay1ms(300);
  34   2          P2 = 0xF7;//1111 0111
  35   2          Delay1ms(400);
  36   2          P2 = 0xEF;//1110 1111
  37   2          Delay1ms(500);
  38   2          P2 = 0xDF;//1101 1111
  39   2          Delay1ms(600);
  40   2          P2 = 0xBF;//1011 1111
  41   2          Delay1ms(700);
  42   2          P2 = 0X7F;
  43   2          Delay1ms(800);
  44   2          
  45   2        
  46   2        
  47   2        
  48   2        
  49   2        
  50   2        
  51   2        }
  52   1      
  53   1      
  54   1      
C51 COMPILER V9.54   MAIN                                                                  03/05/2022 17:01:24 PAGE 2   

  55   1      }


MODULE INFORMATION:   STATIC OVERLAYABLE
   CODE SIZE        =    107    ----
   CONSTANT SIZE    =   ----    ----
   XDATA SIZE       =   ----    ----
   PDATA SIZE       =   ----    ----
   DATA SIZE        =   ----       2
   IDATA SIZE       =   ----    ----
   BIT SIZE         =   ----    ----
END OF MODULE INFORMATION.


C51 COMPILATION COMPLETE.  0 WARNING(S),  0 ERROR(S)
