C51 COMPILER V9.54   BUZZER                                                                05/21/2022 14:04:20 PAGE 1   


C51 COMPILER V9.54, COMPILATION OF MODULE BUZZER
OBJECT MODULE PLACED IN .\Objects\Buzzer.obj
COMPILER INVOKED BY: D:\keil5\C51\BIN\C51.EXE Buzzer.c OPTIMIZE(8,SPEED) BROWSE DEBUG OBJECTEXTEND PRINT(.\Listings\Buzz
                    -er.lst) TABS(2) OBJECT(.\Objects\Buzzer.obj)

line level    source

   1          #include <REGX52.H>
   2          #include "Delay.h"
   3          #include "intrins.h"
   4          sbit Buzzer = P1^5;
   5          
   6          void Delay500us()   //@11.0592MHz
   7          {
   8   1        unsigned char i;
   9   1      
  10   1        _nop_();
  11   1        i = 227;
  12   1        while (--i);
  13   1      }
  14          
  15          void Buzzer_Time(unsigned int ms)
  16          {
  17   1        unsigned int i;
  18   1        for(i=0;i<ms*2;i++)
  19   1        {
  20   2          Buzzer=!Buzzer;  //2ms一个周期，频率就是500HZ.
  21   2          Delay500us();
  22   2      
  23   2            
  24   2            
  25   2        }
  26   1      
  27   1      
  28   1      }


MODULE INFORMATION:   STATIC OVERLAYABLE
   CODE SIZE        =     40    ----
   CONSTANT SIZE    =   ----    ----
   XDATA SIZE       =   ----    ----
   PDATA SIZE       =   ----    ----
   DATA SIZE        =   ----    ----
   IDATA SIZE       =   ----    ----
   BIT SIZE         =   ----    ----
END OF MODULE INFORMATION.


C51 COMPILATION COMPLETE.  0 WARNING(S),  0 ERROR(S)
