C51 COMPILER V9.54   MAIN                                                                  05/21/2022 14:03:08 PAGE 1   


C51 COMPILER V9.54, COMPILATION OF MODULE MAIN
OBJECT MODULE PLACED IN .\Objects\main.obj
COMPILER INVOKED BY: D:\keil5\C51\BIN\C51.EXE main.c OPTIMIZE(8,SPEED) BROWSE DEBUG OBJECTEXTEND PRINT(.\Listings\main.l
                    -st) TABS(2) OBJECT(.\Objects\main.obj)

line level    source

   1          #include <REGX52.H>
   2          #include "Delay.h"
   3          #include "Key.h"
   4          #include "Nixie.h"
   5          #include "Buzzer.h"
   6          unsigned char KeyNum;
   7          
   8          
   9          void main()
  10          {   
  11   1        Nixie(1,0);
  12   1        while(1)
  13   1        {
  14   2          KeyNum = Key();
  15   2      
  16   2          if(KeyNum)
  17   2          {
  18   3            Buzzer_Time(1000);
  19   3            Nixie(1,KeyNum);
  20   3          
  21   3          }
  22   2        
  23   2        
  24   2        }
  25   1        
  26   1      
  27   1      }


MODULE INFORMATION:   STATIC OVERLAYABLE
   CODE SIZE        =     36    ----
   CONSTANT SIZE    =   ----    ----
   XDATA SIZE       =   ----    ----
   PDATA SIZE       =   ----    ----
   DATA SIZE        =      1    ----
   IDATA SIZE       =   ----    ----
   BIT SIZE         =   ----    ----
END OF MODULE INFORMATION.


C51 COMPILATION COMPLETE.  0 WARNING(S),  0 ERROR(S)
