C51 COMPILER V9.54   DS1302                                                                05/17/2022 12:53:37 PAGE 1   


C51 COMPILER V9.54, COMPILATION OF MODULE DS1302
OBJECT MODULE PLACED IN .\Objects\DS1302.obj
COMPILER INVOKED BY: D:\keil5\C51\BIN\C51.EXE DS1302.c OPTIMIZE(8,SPEED) BROWSE DEBUG OBJECTEXTEND PRINT(.\Listings\DS13
                    -02.lst) TABS(2) OBJECT(.\Objects\DS1302.obj)

line level    source

   1          #include <REGX52.H>
   2          #include <Delay.h>
   3          //引脚定义
   4          sbit DS1302_SCLK = P3^6;
   5          sbit DS1302_IO = P3^4;
   6          sbit DS1302_CE = P3^5;
   7          
   8          //定义
   9          #define DS1302_SECOND 0X80
  10          #define DS1302_MINUTE 0X82
  11          #define DS1302_HOUR 0X84
  12          #define DS1302_DATE 0X86
  13          #define DS1302_MONTH 0X88
  14          #define DS1302_DAY 0X8A
  15          #define DS1302_YEAR 0X8C
  16          #define DS1302_WP 0X8E
  17          
  18          unsigned char DS1302_Time[] = {22,5,15,23,20,20,7};
  19          /**
  20             *  @brief 对DS1302初始化
  21             *  @param 无
  22             *  @retval 无
  23             */
  24          void DS1302_Init(void)    //初始化DS1302
  25          {
  26   1        DS1302_CE = 0;
  27   1        DS1302_SCLK = 0;
  28   1      
  29   1      
  30   1      }
  31          /**
  32             *  @brief 朝DS1302中写时间
  33             *  @param command命令字/地址
  34             *  @param Data要写入的数据
  35             *  @retval 无
  36             */
  37          void DS1302_WriteByte(unsigned char Command,Data)
  38          {
  39   1        unsigned char i=0;
  40   1        DS1302_CE = 1;    //打开使能
  41   1        for(i=0;i<8;i++)    //在IO前8位写上command
  42   1        {
  43   2          DS1302_IO = Command&(0x01<<i);  //把command中的每一项写到IO口上
  44   2          DS1302_SCLK = 1;
  45   2          DS1302_SCLK = 0;
  46   2        }
  47   1        for(i=0;i<8;i++)    //在IO后8位写上Data
  48   1        {
  49   2          DS1302_IO = Data&(0x01<<i);
  50   2          DS1302_SCLK = 1;
  51   2          DS1302_SCLK = 0;
  52   2        }
  53   1          DS1302_CE = 0;
  54   1        
C51 COMPILER V9.54   DS1302                                                                05/17/2022 12:53:37 PAGE 2   

  55   1      }
  56          
  57          unsigned char DS1302_ReadByte(unsigned char Command)
  58          {
  59   1        unsigned char i=0,Data = 0x00;    //要把IO口上的数据读出来
  60   1        Command|=0x01;    //看芯片手册可知，command|=0x01后写指令就变成了读指令
  61   1        DS1302_CE = 1;
  62   1        for(i=0;i<8;i++)    //在IO前8位写上command
  63   1        {
  64   2          DS1302_IO = Command&(0x01<<i);
  65   2          DS1302_SCLK = 0;
  66   2          Delay(1);
  67   2          DS1302_SCLK = 1;
  68   2        }
  69   1        for(i=0;i<8;i++)    //在IO前8位写上command
  70   1        {
  71   2          DS1302_SCLK=1;  
  72   2          Delay(1);//这样后面就是如此操作8次
  73   2          DS1302_SCLK=0;
  74   2          if(DS1302_IO)
  75   2          {
  76   3            Data|=(0x01<<i);
  77   3          
  78   3          }
  79   2            
  80   2        }
  81   1        DS1302_CE=0;
  82   1        DS1302_IO=0;  //????IO???0,??????????
  83   1        return Data;
  84   1        
  85   1      
  86   1      }
  87          
  88          /**
  89             *  @brief 把数组中的时间设置到DS1302中
  90             *  @param
  91             *  @retval
  92             */
  93          void DS1302_SetTime(void)
  94          {
  95   1          DS1302_WriteByte(DS1302_WP,0x00);//关闭写保护
  96   1          DS1302_WriteByte(DS1302_YEAR,DS1302_Time[0]/10*16+DS1302_Time[0]%10);//DS1302这边只要BCD码
  97   1          DS1302_WriteByte(DS1302_MONTH,DS1302_Time[1]/10*16+DS1302_Time[1]%10);
  98   1          DS1302_WriteByte(DS1302_DATE,DS1302_Time[2]/10*16+DS1302_Time[2]%10);
  99   1          DS1302_WriteByte(DS1302_HOUR,DS1302_Time[3]/10*16+DS1302_Time[3]%10);
 100   1          DS1302_WriteByte(DS1302_MINUTE,DS1302_Time[4]/10*16+DS1302_Time[4]%10);
 101   1          DS1302_WriteByte(DS1302_SECOND,DS1302_Time[5]/10*16+DS1302_Time[5]%10);
 102   1          DS1302_WriteByte(DS1302_DAY,DS1302_Time[6]/10*16+DS1302_Time[6]%10);
 103   1          DS1302_WriteByte(DS1302_WP,0x80);     //打开写保护
 104   1      }
 105          
 106          /**
 107             *  @brief 上面那个函数的反向（即将DS1302中的数据提取至数组中）
 108             *  @param
 109             *  @retval
 110             */
 111          void DS1302_ReadTime(void)
 112          {
 113   1        unsigned char Temp;
 114   1        Temp = DS1302_ReadByte(DS1302_YEAR);
 115   1        DS1302_Time[0] = Temp/16*10+Temp%16;    //BCD转10进制放入数组
 116   1        Temp = DS1302_ReadByte(DS1302_MONTH);
C51 COMPILER V9.54   DS1302                                                                05/17/2022 12:53:37 PAGE 3   

 117   1        DS1302_Time[1] = Temp/16*10+Temp%16;
 118   1        Temp = DS1302_ReadByte(DS1302_DATE);
 119   1        DS1302_Time[2] = Temp/16*10+Temp%16;
 120   1        Temp = DS1302_ReadByte(DS1302_HOUR);
 121   1        DS1302_Time[3] = Temp/16*10+Temp%16;  
 122   1        Temp = DS1302_ReadByte(DS1302_MINUTE);
 123   1        DS1302_Time[4] = Temp/16*10+Temp%16;  
 124   1        Temp = DS1302_ReadByte(DS1302_SECOND);
 125   1        DS1302_Time[5] = Temp/16*10+Temp%16;
 126   1        Temp = DS1302_ReadByte(DS1302_DAY);
 127   1        DS1302_Time[6] = Temp/16*10+Temp%16;
 128   1      
 129   1      
 130   1      }


MODULE INFORMATION:   STATIC OVERLAYABLE
   CODE SIZE        =    579    ----
   CONSTANT SIZE    =   ----    ----
   XDATA SIZE       =   ----    ----
   PDATA SIZE       =   ----    ----
   DATA SIZE        =      7       5
   IDATA SIZE       =   ----    ----
   BIT SIZE         =   ----    ----
END OF MODULE INFORMATION.


C51 COMPILATION COMPLETE.  0 WARNING(S),  0 ERROR(S)
