C51 COMPILER V9.54   MAIN                                                                  03/17/2022 22:07:55 PAGE 1   


C51 COMPILER V9.54, COMPILATION OF MODULE MAIN
OBJECT MODULE PLACED IN .\Objects\main.obj
COMPILER INVOKED BY: D:\keil5\C51\BIN\C51.EXE main.c OPTIMIZE(8,SPEED) BROWSE DEBUG OBJECTEXTEND PRINT(.\Listings\main.l
                    -st) TABS(2) OBJECT(.\Objects\main.obj)

line level    source

   1          #include <REGX52.H>
   2          #include "Delay.h"
*** WARNING C323 IN LINE 10 OF Delay.h: newline expected, extra characters found
   3          #include "LCD1602.h"
   4          #include "Matrixkey.h"
   5          unsigned char KeyNum;
   6          unsigned int password;
   7          unsigned int x;
   8          unsigned int count = 0;
   9          void main()
  10          {
  11   1        LCD_Init();
  12   1        LCD_ShowString(1,1,"password");
  13   1        while(1)
  14   1        {
  15   2          KeyNum = Matrixkey();
  16   2          if(KeyNum)
  17   2          {
  18   3            if(count < 4)//如果输入次数小于4
  19   3            {
  20   4              if(KeyNum <= 10)
  21   4              {
  22   5                x = KeyNum%10;
  23   5                password = password*10+x;
  24   5                count++;
  25   5                LCD_ShowNum(2,1,password,4);
  26   5            
  27   5            
  28   5              }
  29   4            }
  30   3            if(KeyNum==11)
  31   3            {
  32   4              if(password==1234)
  33   4              {
  34   5                LCD_ShowString(1,10,"OK");
  35   5                password = 0;           //清零
  36   5                count = 0;
  37   5              
  38   5              }
  39   4              else
  40   4              {
  41   5                LCD_ShowString(1,10,"ERR");
  42   5                password = 0;
  43   5                count = 0;
  44   5              
  45   5              }
  46   4              
  47   4            
  48   4            
  49   4            }
  50   3            if(KeyNum==12)
  51   3            {
  52   4              password = 0;
  53   4              count = 0;
C51 COMPILER V9.54   MAIN                                                                  03/17/2022 22:07:55 PAGE 2   

  54   4            
  55   4            }
  56   3      
  57   3          
  58   3          }
  59   2        
  60   2        
  61   2        }
  62   1      
  63   1      
  64   1      
  65   1      }


MODULE INFORMATION:   STATIC OVERLAYABLE
   CODE SIZE        =    164    ----
   CONSTANT SIZE    =     16    ----
   XDATA SIZE       =   ----    ----
   PDATA SIZE       =   ----    ----
   DATA SIZE        =      7    ----
   IDATA SIZE       =   ----    ----
   BIT SIZE         =   ----    ----
END OF MODULE INFORMATION.


C51 COMPILATION COMPLETE.  1 WARNING(S),  0 ERROR(S)
