C51 COMPILER V9.54   MAIN                                                                  03/07/2022 10:20:32 PAGE 1   


C51 COMPILER V9.54, COMPILATION OF MODULE MAIN
OBJECT MODULE PLACED IN .\Objects\main.obj
COMPILER INVOKED BY: D:\51\C51\BIN\C51.EXE main.c OPTIMIZE(8,SPEED) BROWSE DEBUG OBJECTEXTEND PRINT(.\Listings\main.lst)
                    - TABS(2) OBJECT(.\Objects\main.obj)

line level    source

   1          #include <REGX52.H>
   2          void Delay1ms()   //@12.000MHz
   3          {
   4   1        unsigned char i, j;
   5   1      
   6   1        i = 2;
   7   1        j = 239;
   8   1        do
   9   1        {
  10   2          while (--j);
  11   2        } while (--i);
  12   1      }
  13          
  14          char NixieTable[] = {0x3F,0x06,0x5B,0x4F,0x66,0x6D,0x7D,0x07,0x7F,0x6F,0x77,0x7C};
  15          void Nixie(unsigned char Location,char Number)
  16          {
  17   1        switch (Location)
  18   1        {
  19   2          case 1:
  20   2          {
  21   3            P2_4 = 1;
  22   3            P2_3 = 1;
  23   3            P2_2 = 1;
  24   3            break;
  25   3          }
  26   2            case 2:
  27   2          {
  28   3            P2_4 = 1;
  29   3            P2_3 = 1;
  30   3            P2_2 = 0;
  31   3            break;
  32   3          } 
  33   2            case 3:
  34   2          {
  35   3            P2_4 = 1;
  36   3            P2_3 = 0;
  37   3            P2_2 = 1;
  38   3            break;
  39   3          } 
  40   2            case 4:
  41   2          {
  42   3            P2_4 = 1;
  43   3            P2_3 = 0;
  44   3            P2_2 = 0;
  45   3            break;
  46   3          } 
  47   2            case 5:
  48   2          {
  49   3            P2_4 = 0;
  50   3            P2_3 = 1;
  51   3            P2_2 = 1;
  52   3            break;
  53   3          } 
  54   2            case 6:
C51 COMPILER V9.54   MAIN                                                                  03/07/2022 10:20:32 PAGE 2   

  55   2          {
  56   3            P2_4 = 0;
  57   3            P2_3 = 1;
  58   3            P2_2 = 0;
  59   3            break;
  60   3          }
  61   2            case 7:
  62   2          {
  63   3            P2_4 = 0;
  64   3            P2_3 = 0;
  65   3            P2_2 = 1;
  66   3            break;
  67   3          }
  68   2            case 8:
  69   2          {
  70   3            P2_4 = 0;
  71   3            P2_3 = 0;
  72   3            P2_2 = 0;
  73   3            break;
  74   3          }
  75   2          
  76   2        }
  77   1        P0 = NixieTable [Number];
  78   1        Delay1ms();
  79   1        P0 = 0x00;
  80   1        
  81   1        
  82   1      
  83   1      }
  84          void main()
  85          {
  86   1      
  87   1        while(1)
  88   1        {
  89   2          Nixie(1,2);
  90   2          Nixie(2,11);
  91   2        }
  92   1      
  93   1      
  94   1      
  95   1      }


MODULE INFORMATION:   STATIC OVERLAYABLE
   CODE SIZE        =    130    ----
   CONSTANT SIZE    =   ----    ----
   XDATA SIZE       =   ----    ----
   PDATA SIZE       =   ----    ----
   DATA SIZE        =     12    ----
   IDATA SIZE       =   ----    ----
   BIT SIZE         =   ----    ----
END OF MODULE INFORMATION.


C51 COMPILATION COMPLETE.  0 WARNING(S),  0 ERROR(S)
