C51 COMPILER V9.54   MAIN                                                                  03/06/2022 21:04:38 PAGE 1   


C51 COMPILER V9.54, COMPILATION OF MODULE MAIN
OBJECT MODULE PLACED IN .\Objects\main.obj
COMPILER INVOKED BY: D:\51\C51\BIN\C51.EXE main.c OPTIMIZE(8,SPEED) BROWSE DEBUG OBJECTEXTEND PRINT(.\Listings\main.lst)
                    - TABS(2) OBJECT(.\Objects\main.obj)

line level    source

   1          #include <REGX52.H>
   2          void Delay(unsigned int xms)    //@12.000MHz
   3          {
   4   1        while(xms)
   5   1        {
   6   2          unsigned char i, j;
   7   2      
   8   2          i = 2;
   9   2          j = 239;
  10   2          do
  11   2          {
  12   3            while (--j);
  13   3          } while (--i);
  14   2          xms--;
  15   2        }
  16   1      }
  17          
  18          //void main()
  19          //{
  20          //  int num = 1;
  21          //  while(1)
  22          //  {
  23          
  24          //      if(P3_0 == 0)
  25          //      {
  26          //        Delay(20);
  27          //        while(P3_0 == 0);
  28          //        Delay(20);
  29          //        P2 = ~num ;
  30          //        num = num << 1;
  31          //      }
  32          //      if(num >= 256)
  33          //      {
  34          //        num = 1;
  35          //      
  36          //      
  37          //      }
  38          //      
  39          //    
  40          //    
  41          //    }
  42          //  
  43          //  
  44          //  
  45          
  46          
  47          
  48          //}
  49          void main()
  50          {
  51   1        int num = 0;
  52   1        P2 = ~0x01;
  53   1        while(1)
  54   1        {
C51 COMPILER V9.54   MAIN                                                                  03/06/2022 21:04:38 PAGE 2   

  55   2          if(P3_1 == 0)
  56   2          {
  57   3            Delay(20);
  58   3            while(P3_1 == 0);
  59   3            Delay(20);
  60   3            
  61   3            if(num == 8)
  62   3            {
  63   4              num = 0;
  64   4            
  65   4            
  66   4            }
  67   3            else
  68   3            {
  69   4              num++;
  70   4            
  71   4            }
  72   3            P2 = ~(0x01 << num);
  73   3      
  74   3          
  75   3          
  76   3          
  77   3          }
  78   2          if(P3_0 == 0)
  79   2          {
  80   3            Delay(20);
  81   3            while(P3_0 == 0);
  82   3            Delay(20);    
  83   3            if(num == 0)
  84   3            {
  85   4              num = 7;
  86   4            
  87   4            }
  88   3            else
  89   3            {
  90   4              num--;
  91   4            
  92   4            }
  93   3            P2 = ~(0x01 << num);
  94   3      
  95   3          
  96   3          
  97   3          
  98   3          }
  99   2        
 100   2        }
 101   1      }


MODULE INFORMATION:   STATIC OVERLAYABLE
   CODE SIZE        =    121    ----
   CONSTANT SIZE    =   ----    ----
   XDATA SIZE       =   ----    ----
   PDATA SIZE       =   ----    ----
   DATA SIZE        =   ----       2
   IDATA SIZE       =   ----    ----
   BIT SIZE         =   ----    ----
END OF MODULE INFORMATION.


C51 COMPILATION COMPLETE.  0 WARNING(S),  0 ERROR(S)
