C51 COMPILER V9.54   MAIN                                                                  03/19/2022 11:40:21 PAGE 1   


C51 COMPILER V9.54, COMPILATION OF MODULE MAIN
OBJECT MODULE PLACED IN .\Objects\main.obj
COMPILER INVOKED BY: D:\keil5\C51\BIN\C51.EXE main.c OPTIMIZE(8,SPEED) BROWSE DEBUG OBJECTEXTEND PRINT(.\Listings\main.l
                    -st) TABS(2) OBJECT(.\Objects\main.obj)

line level    source

   1          #include <REGX52.H>
   2          #include "Timer0.h"
   3          #include "Key.h"
   4          #include <INTRINS.H>
   5          unsigned char KeyNumber;
   6          unsigned char LEDMode = 0;
   7          
   8          void main()
   9          {
  10   1        P2 = 0xFE;
  11   1        Timer0_Init();
  12   1        while(1)
  13   1        {
  14   2          KeyNumber = Key();            //通过LEDMode改变流水灯流向
  15   2          if(KeyNumber)
  16   2          {
  17   3            if(KeyNumber==1)
  18   3            {
  19   4              LEDMode++;
  20   4              if(LEDMode >= 2)
  21   4              {
  22   5                LEDMode = 0;
  23   5              
  24   5              }
  25   4            
  26   4            }
  27   3          
  28   3          }
  29   2        
  30   2        
  31   2        
  32   2        }
  33   1      
  34   1      
  35   1      }
  36          unsigned int count = 0;
  37          void Timer0_Routine()   interrupt 1
  38          {
  39   1        TL0 = 0x18;   
  40   1        TH0 = 0xFC;   
  41   1      
  42   1        count++;
  43   1        if(count >= 500)  //间隔500ms
  44   1        {
  45   2          count = 0;
  46   2          if(LEDMode==0)
  47   2          {
  48   3            P2 = _crol_(P2,1);
  49   3          }
  50   2          if(LEDMode==1)
  51   2          {
  52   3            P2 = _cror_(P2,1);
  53   3          }
  54   2          
C51 COMPILER V9.54   MAIN                                                                  03/19/2022 11:40:21 PAGE 2   

  55   2        }
  56   1          
  57   1      
  58   1      
  59   1      }


MODULE INFORMATION:   STATIC OVERLAYABLE
   CODE SIZE        =    116    ----
   CONSTANT SIZE    =   ----    ----
   XDATA SIZE       =   ----    ----
   PDATA SIZE       =   ----    ----
   DATA SIZE        =      4    ----
   IDATA SIZE       =   ----    ----
   BIT SIZE         =   ----    ----
END OF MODULE INFORMATION.


C51 COMPILATION COMPLETE.  0 WARNING(S),  0 ERROR(S)
