C51 COMPILER V9.54   TIMER0                                                                03/19/2022 11:40:21 PAGE 1   


C51 COMPILER V9.54, COMPILATION OF MODULE TIMER0
OBJECT MODULE PLACED IN .\Objects\Timer0.obj
COMPILER INVOKED BY: D:\keil5\C51\BIN\C51.EXE Timer0.c OPTIMIZE(8,SPEED) BROWSE DEBUG OBJECTEXTEND PRINT(.\Listings\Time
                    -r0.lst) TABS(2) OBJECT(.\Objects\Timer0.obj)

line level    source

   1          #include <REGX52.H>
   2          void Timer0_Init()
   3          {
   4   1        TMOD &= 0xF0;   
   5   1        TMOD |= 0x01;   
   6   1        TL0 = 0x18;   
   7   1        TH0 = 0xFC;   
   8   1        TF0 = 0;    
   9   1        TR0 = 1;    
  10   1        ET0 = 1;
  11   1        EA = 1;
  12   1        PT0 = 0;
  13   1      
  14   1      }
  15          ///*定时器中断函数模板
  16          ////void Timer0_Routine()   interrupt 1 
  17          ////{
  18          ////  static unsigned int count;
  19          ////  TL0 = 0x18;   //??????
  20          ////  TH0 = 0xFC;   //??????
  21          
  22          ////  count++;
  23          ////  if(count >= 1000)
  24          ////  {
  25          ////    count = 0;
  26          ////  
  27          ////  }
  28          ////    
  29          
  30          
  31          ////}


MODULE INFORMATION:   STATIC OVERLAYABLE
   CODE SIZE        =     23    ----
   CONSTANT SIZE    =   ----    ----
   XDATA SIZE       =   ----    ----
   PDATA SIZE       =   ----    ----
   DATA SIZE        =   ----    ----
   IDATA SIZE       =   ----    ----
   BIT SIZE         =   ----    ----
END OF MODULE INFORMATION.


C51 COMPILATION COMPLETE.  0 WARNING(S),  0 ERROR(S)
