C51 COMPILER V9.54   MAIN                                                                  03/21/2022 21:31:23 PAGE 1   


C51 COMPILER V9.54, COMPILATION OF MODULE MAIN
OBJECT MODULE PLACED IN .\Objects\main.obj
COMPILER INVOKED BY: D:\keil5\C51\BIN\C51.EXE main.c OPTIMIZE(8,SPEED) BROWSE DEBUG OBJECTEXTEND PRINT(.\Listings\main.l
                    -st) TABS(2) OBJECT(.\Objects\main.obj)

line level    source

   1          #include <REGX52.H>
   2          #include "Delay.h"
   3          #include "Timer0.h"
   4          #include "LCD1602.h"
   5          unsigned int Sec ;        
   6          unsigned int Min ;
   7          unsigned int Hour ;
   8          void main()
   9          {
  10   1        LCD_Init();             //LCD也要初始化
  11   1        Timer0_Init();
  12   1        LCD_ShowString(1,1,"CLOCK");
  13   1        LCD_ShowString(2,3,":");        //:用字符串的形式
  14   1        LCD_ShowString(2,6,":");
  15   1        while(1)
  16   1        {
  17   2          LCD_ShowNum(2,1,Hour,2);
  18   2          LCD_ShowNum(2,4,Min,2);
  19   2          LCD_ShowNum(2,7,Sec,2);
  20   2            
  21   2        
  22   2        }
  23   1      
  24   1      }
  25          
  26          
  27          void Timer0_Routine()   interrupt 1 
  28          {
  29   1        static unsigned int count;          //如果在此处定义Sec，Min，Hour打印出来的三个数都是0
  30   1        TL0 = 0x18;   //??????
  31   1        TH0 = 0xFC;   //??????
  32   1      
  33   1        count++;
  34   1        if(count >= 1000)
  35   1        {
  36   2          count = 0;
  37   2          Sec++;
  38   2          if(Sec >= 60)
  39   2          {
  40   3            Sec = 0;
  41   3            Min++;
  42   3            if(Min >= 60)
  43   3            {
  44   4              
  45   4            
  46   4            }
  47   3          
  48   3          }
  49   2        }
  50   1      
  51   1      }


MODULE INFORMATION:   STATIC OVERLAYABLE
C51 COMPILER V9.54   MAIN                                                                  03/21/2022 21:31:23 PAGE 2   

   CODE SIZE        =    157    ----
   CONSTANT SIZE    =      8    ----
   XDATA SIZE       =   ----    ----
   PDATA SIZE       =   ----    ----
   DATA SIZE        =      8    ----
   IDATA SIZE       =   ----    ----
   BIT SIZE         =   ----    ----
END OF MODULE INFORMATION.


C51 COMPILATION COMPLETE.  0 WARNING(S),  0 ERROR(S)
