C51 COMPILER V9.54   MAIN                                                                  03/05/2022 21:55:19 PAGE 1   


C51 COMPILER V9.54, COMPILATION OF MODULE MAIN
OBJECT MODULE PLACED IN .\Objects\main.obj
COMPILER INVOKED BY: D:\51\C51\BIN\C51.EXE main.c OPTIMIZE(8,SPEED) BROWSE DEBUG OBJECTEXTEND PRINT(.\Listings\main.lst)
                    - TABS(2) OBJECT(.\Objects\main.obj)

line level    source

   1          #include <REGX52.H>
   2          void main()
   3          {
   4   1        if(P3_1==0||P3_0==0)
   5   1        {
   6   2          P2_0 = 0;
   7   2      
   8   2        
   9   2        
  10   2        }
  11   1        else
  12   1        {
  13   2          P2_0 = 1;
  14   2      
  15   2        
  16   2        
  17   2        }
  18   1      
  19   1      
  20   1      }


MODULE INFORMATION:   STATIC OVERLAYABLE
   CODE SIZE        =     12    ----
   CONSTANT SIZE    =   ----    ----
   XDATA SIZE       =   ----    ----
   PDATA SIZE       =   ----    ----
   DATA SIZE        =   ----    ----
   IDATA SIZE       =   ----    ----
   BIT SIZE         =   ----    ----
END OF MODULE INFORMATION.


C51 COMPILATION COMPLETE.  0 WARNING(S),  0 ERROR(S)
