C51 COMPILER V9.54   MAIN                                                                  04/08/2022 21:07:41 PAGE 1   


C51 COMPILER V9.54, COMPILATION OF MODULE MAIN
OBJECT MODULE PLACED IN .\Objects\main.obj
COMPILER INVOKED BY: D:\keil5\C51\BIN\C51.EXE main.c OPTIMIZE(8,SPEED) BROWSE DEBUG OBJECTEXTEND PRINT(.\Listings\main.l
                    -st) TABS(2) OBJECT(.\Objects\main.obj)

line level    source

   1          #include <REGX52.H>
   2          #include "Delay.h"
   3          #include "UART.h"
   4          unsigned char Sec;
   5          
   6          
   7          void main()
   8          {
   9   1        Uart_Init();
  10   1        while(1)
  11   1        {
  12   2          
  13   2        }
  14   1        
  15   1      
  16   1      
  17   1      
  18   1      }
  19          void UART_Routine() interrupt 4
  20          {
  21   1        if(RI==1)
  22   1        {
  23   2          P2 = SBUF;
  24   2          SendByte(SBUF);
  25   2          RI=0;
  26   2        
  27   2        
  28   2        }
  29   1      
  30   1      
  31   1      }


MODULE INFORMATION:   STATIC OVERLAYABLE
   CODE SIZE        =     74    ----
   CONSTANT SIZE    =   ----    ----
   XDATA SIZE       =   ----    ----
   PDATA SIZE       =   ----    ----
   DATA SIZE        =      1    ----
   IDATA SIZE       =   ----    ----
   BIT SIZE         =   ----    ----
END OF MODULE INFORMATION.


C51 COMPILATION COMPLETE.  0 WARNING(S),  0 ERROR(S)
