C51 COMPILER V9.54   UART                                                                  04/08/2022 21:49:01 PAGE 1   


C51 COMPILER V9.54, COMPILATION OF MODULE UART
OBJECT MODULE PLACED IN .\Objects\UART.obj
COMPILER INVOKED BY: D:\keil5\C51\BIN\C51.EXE UART.c OPTIMIZE(8,SPEED) BROWSE DEBUG OBJECTEXTEND PRINT(.\Listings\UART.l
                    -st) TABS(2) OBJECT(.\Objects\UART.obj)

line level    source

   1          #include <REGX52.H>
   2          #include "Delay.h"
   3          /**
   4             *  @brief 串口初始化 
   5             *  @param 无
   6             *  @retval 无
   7             */
   8          void Uart_Init()    //4800bps@11.0592MHz
   9          {
  10   1        PCON |= 0x80;   //????????SMOD
  11   1        SCON = 0x50;    //8???,?????
  12   1        TMOD &= 0x0F;   //???????
  13   1        TMOD |= 0x20;   //???????
  14   1        TL1 = 0xF4;   //???????
  15   1        TH1 = 0xF4;   //???????
  16   1        ET1 = 0;    //?????%d??
  17   1        TR1 = 1;    //???1????
  18   1        EA = 1;
  19   1        ES = 1;
  20   1      }
  21          /**
  22             *  @brief 串口发送一个字节数据
  23             *  @param Byte要发送的一个字节数据
  24             *  @retval 无
  25             */
  26          void SendByte(unsigned char Byte)
  27          {
  28   1        SBUF = Byte ;
  29   1        while(TI==0);
  30   1        TI=0;
  31   1      
  32   1      
  33   1      }
  34          /* 串口中断函数模板
  35          void UART_Routine() interrupt 4
  36          {
  37            if(RI==1)
  38            {
  39          
  40              RI=0;
  41            
  42            
  43            }
  44          
  45          
  46          }
  47          */


MODULE INFORMATION:   STATIC OVERLAYABLE
   CODE SIZE        =     35    ----
   CONSTANT SIZE    =   ----    ----
   XDATA SIZE       =   ----    ----
   PDATA SIZE       =   ----    ----
C51 COMPILER V9.54   UART                                                                  04/08/2022 21:49:01 PAGE 2   

   DATA SIZE        =   ----    ----
   IDATA SIZE       =   ----    ----
   BIT SIZE         =   ----    ----
END OF MODULE INFORMATION.


C51 COMPILATION COMPLETE.  0 WARNING(S),  0 ERROR(S)
