C51 COMPILER V9.54   UART                                                                  04/07/2022 00:44:46 PAGE 1   


C51 COMPILER V9.54, COMPILATION OF MODULE UART
OBJECT MODULE PLACED IN .\Objects\UART.obj
COMPILER INVOKED BY: D:\keil5\C51\BIN\C51.EXE UART.c OPTIMIZE(8,SPEED) BROWSE DEBUG OBJECTEXTEND PRINT(.\Listings\UART.l
                    -st) TABS(2) OBJECT(.\Objects\UART.obj)

line level    source

   1          #include <REGX52.H>
   2          #include "Delay.h"
   3          /**
   4             *  @brief 串口初始化 
   5             *  @param 无
   6             *  @retval 无
   7             */
   8          void Uart_Init()    //4800bps@11.0592MHz
   9          {
  10   1        PCON |= 0x80;   //????????SMOD
  11   1        SCON = 0x40;    //8???,?????
  12   1        TMOD &= 0x0F;   //???????
  13   1        TMOD |= 0x20;   //???????
  14   1        TL1 = 0xF4;   //???????
  15   1        TH1 = 0xF4;   //???????
  16   1        ET1 = 0;    //?????%d??
  17   1        TR1 = 1;    //???1????
  18   1      }
  19          /**
  20             *  @brief 串口发送一个字节数据
  21             *  @param Byte要发送的一个字节数据
  22             *  @retval 无
  23             */
  24          void SendByte(unsigned char Byte)
  25          {
  26   1        SBUF = Byte ;
  27   1        while(TI==0);
  28   1        TI=0;
  29   1      
  30   1      
  31   1      }


MODULE INFORMATION:   STATIC OVERLAYABLE
   CODE SIZE        =     31    ----
   CONSTANT SIZE    =   ----    ----
   XDATA SIZE       =   ----    ----
   PDATA SIZE       =   ----    ----
   DATA SIZE        =   ----    ----
   IDATA SIZE       =   ----    ----
   BIT SIZE         =   ----    ----
END OF MODULE INFORMATION.


C51 COMPILATION COMPLETE.  0 WARNING(S),  0 ERROR(S)
