C51 COMPILER V9.54   MATRIXLED                                                             04/16/2022 00:23:31 PAGE 1   


C51 COMPILER V9.54, COMPILATION OF MODULE MATRIXLED
OBJECT MODULE PLACED IN .\Objects\MatrixLED.obj
COMPILER INVOKED BY: D:\keil5\C51\BIN\C51.EXE MatrixLED.c OPTIMIZE(8,SPEED) BROWSE DEBUG OBJECTEXTEND PRINT(.\Listings\M
                    -atrixLED.lst) TABS(2) OBJECT(.\Objects\MatrixLED.obj)

line level    source

   1          #include <REGX52.H>
   2          #include "Delay.h"
   3          sbit RCK=P3^5;    //RCLK
   4          sbit SCK=P3^6;    //SRCLK
   5          sbit SER=P3^4;    //SER
   6          
   7          #define MATRIX_LED_PORT   P0
   8          
   9          /**
  10            * @brief  74HC595??????
  11            * @param  Byte ??????
  12            * @retval ?
  13            */
  14          void _74HC595_WriteByte(unsigned char Byte)
  15          {
  16   1        unsigned char i;
  17   1        for(i=0;i<8;i++)
  18   1        {
  19   2          SER=Byte&(0x80>>i);
  20   2          SCK=1;
  21   2          SCK=0;
  22   2        }
  23   1        RCK=1;
  24   1        RCK=0;
  25   1      }
  26          /**
  27             *  @brief 点阵屏初始化
  28             *  @param 无
  29             *  @retval 无
  30             */
  31          void MatrixLED_Init()
  32          {
  33   1        SCK=0;
  34   1        RCK=0;
  35   1      
  36   1      }
  37          
  38          /**
  39            * @brief  LED?????????
  40            * @param  Column ?????,??:0~7,0????
  41            * @param  Data ????????,????,1??,0??
  42            * @retval ?
  43            */
  44          void MatrixLED_ShowColumn(unsigned char Column,Data)
  45          {
  46   1        _74HC595_WriteByte(Data);
  47   1        MATRIX_LED_PORT=~(0x80>>Column);
  48   1        Delay(1);
  49   1        MATRIX_LED_PORT=0xFF;
  50   1      }


MODULE INFORMATION:   STATIC OVERLAYABLE
   CODE SIZE        =     84    ----
C51 COMPILER V9.54   MATRIXLED                                                             04/16/2022 00:23:31 PAGE 2   

   CONSTANT SIZE    =   ----    ----
   XDATA SIZE       =   ----    ----
   PDATA SIZE       =   ----    ----
   DATA SIZE        =   ----    ----
   IDATA SIZE       =   ----    ----
   BIT SIZE         =   ----    ----
END OF MODULE INFORMATION.


C51 COMPILATION COMPLETE.  0 WARNING(S),  0 ERROR(S)
